Started GET "/" for ::1 at 2020-09-25 15:08:11 +0530
Processing by Rails::WelcomeController#index as HTML
  Rendering /home/tejal/.rbenv/versions/2.7.0/lib/ruby/gems/2.7.0/gems/railties-6.0.3.3/lib/rails/templates/rails/welcome/index.html.erb
  Rendered /home/tejal/.rbenv/versions/2.7.0/lib/ruby/gems/2.7.0/gems/railties-6.0.3.3/lib/rails/templates/rails/welcome/index.html.erb (Duration: 5.2ms | Allocations: 407)
Completed 200 OK in 9ms (Views: 7.6ms | ActiveRecord: 0.0ms | Allocations: 2242)


  [1m[35m (0.3ms)[0m  [1m[35mCREATE DATABASE "list_app_development" ENCODING = 'unicode'[0m
  [1m[35m (0.3ms)[0m  [1m[35mCREATE DATABASE "list_app_test" ENCODING = 'unicode'[0m
  [1m[35m (335.0ms)[0m  [1m[35mCREATE TABLE "schema_migrations" ("version" character varying NOT NULL PRIMARY KEY)[0m
  [1m[35m (335.2ms)[0m  [1m[35mCREATE TABLE "ar_internal_metadata" ("key" character varying NOT NULL PRIMARY KEY, "value" character varying, "created_at" timestamp(6) NOT NULL, "updated_at" timestamp(6) NOT NULL)[0m
  [1m[35m (0.3ms)[0m  [1m[34mSELECT pg_try_advisory_lock(4208634532258376535)[0m
  [1m[35m (1.0ms)[0m  [1m[34mSELECT "schema_migrations"."version" FROM "schema_migrations" ORDER BY "schema_migrations"."version" ASC[0m
Migrating to CreateLists (20200925095439)
  [1m[35m (0.2ms)[0m  [1m[35mBEGIN[0m
  [1m[35m (122.5ms)[0m  [1m[35mCREATE TABLE "lists" ("id" bigserial primary key, "title" character varying, "excerpt" text, "description" text, "created_at" timestamp(6) NOT NULL, "updated_at" timestamp(6) NOT NULL)[0m
  [1m[36mprimary::SchemaMigration Create (1.1ms)[0m  [1m[32mINSERT INTO "schema_migrations" ("version") VALUES ($1) RETURNING "version"[0m  [["version", "20200925095439"]]
  [1m[35m (61.4ms)[0m  [1m[35mCOMMIT[0m
Migrating to CreateItems (20200925095749)
  [1m[35m (0.5ms)[0m  [1m[35mBEGIN[0m
  [1m[35m (120.1ms)[0m  [1m[35mCREATE TABLE "items" ("id" bigserial primary key, "type" integer, "name" character varying, "excerpt" text, "description" text, "url" character varying, "upvotes" integer, "created_at" timestamp(6) NOT NULL, "updated_at" timestamp(6) NOT NULL)[0m
  [1m[36mprimary::SchemaMigration Create (0.8ms)[0m  [1m[32mINSERT INTO "schema_migrations" ("version") VALUES ($1) RETURNING "version"[0m  [["version", "20200925095749"]]
  [1m[35m (33.6ms)[0m  [1m[35mCOMMIT[0m
Migrating to CreateListItems (20200925095947)
  [1m[35m (0.5ms)[0m  [1m[35mBEGIN[0m
  [1m[35m (115.7ms)[0m  [1m[35mCREATE TABLE "list_items" ("id" bigserial primary key, "list_id" bigint NOT NULL, "item_id" bigint NOT NULL, "description" text, "position" integer, "created_at" timestamp(6) NOT NULL, "updated_at" timestamp(6) NOT NULL, CONSTRAINT "fk_rails_12b8df7bb8"
FOREIGN KEY ("list_id")
  REFERENCES "lists" ("id")
, CONSTRAINT "fk_rails_6912172214"
FOREIGN KEY ("item_id")
  REFERENCES "items" ("id")
)[0m
  [1m[35m (51.5ms)[0m  [1m[35mCREATE  INDEX  "index_list_items_on_list_id" ON "list_items"  ("list_id")[0m
  [1m[35m (126.0ms)[0m  [1m[35mCREATE  INDEX  "index_list_items_on_item_id" ON "list_items"  ("item_id")[0m
  [1m[36mprimary::SchemaMigration Create (0.9ms)[0m  [1m[32mINSERT INTO "schema_migrations" ("version") VALUES ($1) RETURNING "version"[0m  [["version", "20200925095947"]]
  [1m[35m (40.6ms)[0m  [1m[35mCOMMIT[0m
  [1m[36mActiveRecord::InternalMetadata Load (1.2ms)[0m  [1m[34mSELECT "ar_internal_metadata".* FROM "ar_internal_metadata" WHERE "ar_internal_metadata"."key" = $1 LIMIT $2[0m  [["key", "environment"], ["LIMIT", 1]]
  [1m[35m (0.3ms)[0m  [1m[35mBEGIN[0m
  [1m[36mActiveRecord::InternalMetadata Create (0.9ms)[0m  [1m[32mINSERT INTO "ar_internal_metadata" ("key", "value", "created_at", "updated_at") VALUES ($1, $2, $3, $4) RETURNING "key"[0m  [["key", "environment"], ["value", "development"], ["created_at", "2020-09-25 10:31:21.144376"], ["updated_at", "2020-09-25 10:31:21.144376"]]
  [1m[35m (29.7ms)[0m  [1m[35mCOMMIT[0m
  [1m[35m (0.5ms)[0m  [1m[34mSELECT pg_advisory_unlock(4208634532258376535)[0m
  [1m[35m (0.7ms)[0m  [1m[34mSELECT "schema_migrations"."version" FROM "schema_migrations" ORDER BY "schema_migrations"."version" ASC[0m
Started GET "/api/v1/list" for ::1 at 2020-09-25 16:37:50 +0530
  [1m[35m (0.8ms)[0m  [1m[34mSELECT "schema_migrations"."version" FROM "schema_migrations" ORDER BY "schema_migrations"."version" ASC[0m
  
ActionController::RoutingError (No route matches [GET] "/api/v1/list"):
  
actionpack (6.0.3.3) lib/action_dispatch/middleware/debug_exceptions.rb:36:in `call'
actionpack (6.0.3.3) lib/action_dispatch/middleware/show_exceptions.rb:33:in `call'
railties (6.0.3.3) lib/rails/rack/logger.rb:37:in `call_app'
railties (6.0.3.3) lib/rails/rack/logger.rb:26:in `block in call'
activesupport (6.0.3.3) lib/active_support/tagged_logging.rb:80:in `block in tagged'
activesupport (6.0.3.3) lib/active_support/tagged_logging.rb:28:in `tagged'
activesupport (6.0.3.3) lib/active_support/tagged_logging.rb:80:in `tagged'
railties (6.0.3.3) lib/rails/rack/logger.rb:26:in `call'
actionpack (6.0.3.3) lib/action_dispatch/middleware/remote_ip.rb:81:in `call'
actionpack (6.0.3.3) lib/action_dispatch/middleware/request_id.rb:27:in `call'
rack (2.2.3) lib/rack/runtime.rb:22:in `call'
activesupport (6.0.3.3) lib/active_support/cache/strategy/local_cache_middleware.rb:29:in `call'
actionpack (6.0.3.3) lib/action_dispatch/middleware/executor.rb:14:in `call'
actionpack (6.0.3.3) lib/action_dispatch/middleware/static.rb:126:in `call'
rack (2.2.3) lib/rack/sendfile.rb:110:in `call'
actionpack (6.0.3.3) lib/action_dispatch/middleware/host_authorization.rb:82:in `call'
railties (6.0.3.3) lib/rails/engine.rb:527:in `call'
puma (4.3.6) lib/puma/configuration.rb:228:in `call'
puma (4.3.6) lib/puma/server.rb:713:in `handle_request'
puma (4.3.6) lib/puma/server.rb:472:in `process_client'
puma (4.3.6) lib/puma/server.rb:328:in `block in run'
puma (4.3.6) lib/puma/thread_pool.rb:134:in `block in spawn_thread'
Started GET "/api/v1/lists" for ::1 at 2020-09-25 16:38:05 +0530
Processing by Api::V1::ListsController#index as HTML
  [1m[36mList Load (1.6ms)[0m  [1m[34mSELECT "lists".* FROM "lists"[0m
  ↳ app/controllers/api/v1/lists_controller.rb:9:in `index'
Completed 200 OK in 230ms (Views: 7.7ms | ActiveRecord: 5.9ms | Allocations: 3259)


Started GET "/api/v1/lists.json" for ::1 at 2020-09-25 17:29:29 +0530
Processing by Api::V1::ListsController#index as JSON
  [1m[36mList Load (1.1ms)[0m  [1m[34mSELECT "lists".* FROM "lists"[0m
  ↳ app/controllers/api/v1/lists_controller.rb:9:in `index'
Completed 200 OK in 4ms (Views: 2.1ms | ActiveRecord: 1.1ms | Allocations: 926)


Started GET "/api/v1/lists.json" for ::1 at 2020-09-25 17:39:08 +0530
Processing by Api::V1::ListsController#index as JSON
  [1m[36mList Load (0.7ms)[0m  [1m[34mSELECT "lists".* FROM "lists"[0m
  ↳ app/controllers/api/v1/lists_controller.rb:9:in `index'
Completed 200 OK in 3ms (Views: 1.9ms | ActiveRecord: 0.7ms | Allocations: 932)


